[5786] 02 May 12:15:44.012 # User requested shutdown...
[5786] 02 May 12:15:44.013 * Saving the final RDB snapshot before exiting.
[5786] 02 May 12:15:44.438 * DB saved on disk
[5786] 02 May 12:15:44.438 * Removing the pid file.
[5786] 02 May 12:15:44.438 * Removing the unix socket file.
[5786] 02 May 12:15:44.438 # Redis is now ready to exit, bye bye...
[6039] 02 May 12:25:12.264 # Unable to set the max number of files limit to 10032 (Operation not permitted), setting the max clients configuration to 4064.
                _._                                                  
           _.-``__ ''-._                                             
      _.-``    `.  `_.  ''-._           Redis 2.8.4 (00000000/0) 64 bit
  .-`` .-```.  ```\/    _.,_ ''-._                                   
 (    '      ,       .-`  | `,    )     Running in stand alone mode
 |`-._`-...-` __...-.``-._|'` _.-'|     Port: 0
 |    `-._   `._    /     _.-'    |     PID: 6039
  `-._    `-._  `-./  _.-'    _.-'                                   
 |`-._`-._    `-.__.-'    _.-'_.-'|                                  
 |    `-._`-._        _.-'_.-'    |           http://redis.io        
  `-._    `-._`-.__.-'_.-'    _.-'                                   
 |`-._`-._    `-.__.-'    _.-'_.-'|                                  
 |    `-._`-._        _.-'_.-'    |                                  
  `-._    `-._`-.__.-'_.-'    _.-'                                   
      `-._    `-.__.-'    _.-'                                       
          `-._        _.-'                                           
              `-.__.-'                                               

[6039] 02 May 12:25:12.265 # Server started, Redis version 2.8.4
[6039] 02 May 12:25:12.265 * DB loaded from disk: 0.000 seconds
[6039] 02 May 12:25:12.265 * The server is now ready to accept connections at /home/ubuntu/_github/hotspot-dns/data/redis/redis-server.sock
[6039 | signal handler] (1430565965) Received SIGTERM, scheduling shutdown...
[6039] 02 May 12:26:05.750 # User requested shutdown...
[6039] 02 May 12:26:05.750 * Saving the final RDB snapshot before exiting.
[6039] 02 May 12:26:05.821 * DB saved on disk
[6039] 02 May 12:26:05.821 * Removing the pid file.
[6039] 02 May 12:26:05.821 * Removing the unix socket file.
[6039] 02 May 12:26:05.821 # Redis is now ready to exit, bye bye...
